[2026-02-12T00:18:01.250Z] 👁️ Watcher de pontos iniciado.
[2026-02-12T00:30:10.003Z] 📩 DM enviada para whitedomuquifo (590994963777454091) - Resultado: ganhou
[2026-02-12T00:30:11.775Z] 📩 DM enviada para muquifoplays (1066764688525889620) - Resultado: perdeu
[2026-02-12T00:30:12.777Z] ✅ Watcher: 2 jogadores processados.
[2026-02-12T00:30:13.331Z] ✅ Watcher: 0 jogadores processados.
[2026-02-12T00:30:53.822Z] 📩 DM enviada para whitedomuquifo (590994963777454091) - Resultado: perdeu
[2026-02-12T00:30:54.825Z] ✅ Watcher: 1 jogadores processados.
[2026-02-12T00:30:57.336Z] ✅ Watcher: 0 jogadores processados.
[2026-02-12T00:31:09.824Z] 📩 DM enviada para whitedomuquifo (590994963777454091) - Resultado: perdeu
[2026-02-12T00:31:10.826Z] ✅ Watcher: 1 jogadores processados.
[2026-02-12T00:31:17.338Z] ✅ Watcher: 0 jogadores processados.
[2026-02-12T03:23:38.781Z] ✅ Watcher: 0 jogadores processados.
[2026-02-12T03:25:56.931Z] 👁️ Watcher de pontos iniciado.
[2026-02-12T03:26:38.124Z] 📩 DM enviada para whitedomuquifo (590994963777454091) - Resultado: perdeu
[2026-02-12T03:26:39.126Z] ✅ Watcher: 1 jogadores processados.
[2026-02-12T03:26:44.928Z] ✅ Watcher: 0 jogadores processados.
[2026-02-12T22:50:05.354Z] 👁️ Watcher de pontos iniciado.
[2026-02-13T18:50:45.875Z] 📩 DM enviada para br0ok_03 (703764974706753657) - Resultado: ganhou
[2026-02-13T18:50:47.780Z] ⚠️ Não foi possível enviar DM para 700153992382119946 (usuário bloqueou o bot).
[2026-02-13T18:50:47.823Z] ✅ Watcher: 0 jogadores processados.
[2026-02-13T18:50:48.781Z] ✅ Watcher: 2 jogadores processados.
[2026-02-14T15:32:30.671Z] ⚠️ Conexão caiu ao enviar DM para 700153992382119946. Tentando novamente na próxima verificação.
[2026-02-14T15:32:30.674Z] ✅ Watcher: 0 jogadores processados.
[2026-02-14T15:32:33.317Z] 📩 DM enviada para dan05069 (1362183649864450088) - Resultado: perdeu
[2026-02-14T15:32:34.318Z] ✅ Watcher: 2 jogadores processados.
[2026-02-14T17:51:07.690Z] 👁️ Watcher de pontos iniciado.
[2026-02-14T17:56:13.035Z] 📩 DM enviada para rafael064278 (1410077402620760167) - Resultado: perdeu
[2026-02-14T17:56:14.876Z] ⚠️ Não foi possível enviar DM para 700153992382119946 (usuário bloqueou o bot).
[2026-02-14T17:56:15.879Z] ✅ Watcher: 2 jogadores processados.
[2026-02-14T17:56:20.268Z] ✅ Watcher: 0 jogadores processados.
[2026-02-14T18:34:53.368Z] 📩 DM enviada para kaisersaturn (814944607150407700) - Resultado: ganhou
[2026-02-14T18:34:55.214Z] 📩 DM enviada para dan05069 (1362183649864450088) - Resultado: perdeu
[2026-02-14T18:34:56.227Z] ✅ Watcher: 2 jogadores processados.
[2026-02-14T18:35:00.689Z] ✅ Watcher: 0 jogadores processados.
[2026-02-14T19:21:38.431Z] ✅ Watcher: 0 jogadores processados.
[2026-02-14T20:10:04.324Z] ✅ Watcher: 0 jogadores processados.
[2026-02-14T20:41:36.117Z] ✅ Watcher: 0 jogadores processados.
[2026-02-14T21:24:37.574Z] ✅ Watcher: 0 jogadores processados.
[2026-02-15T03:07:23.765Z] 👁️ Watcher de pontos iniciado.
[2026-02-15T03:11:04.584Z] 👁️ Watcher de pontos iniciado.
[2026-02-15T03:11:35.575Z] 👁️ Watcher de pontos iniciado.
[2026-02-15T03:13:03.614Z] 👁️ Watcher de pontos iniciado.
[2026-02-15T17:31:28.174Z] 👁️ Watcher de pontos iniciado.
[2026-02-15T17:34:53.447Z] 📩 DM enviada para rafael064278 (1410077402620760167) - Resultado: ganhou
[2026-02-15T17:34:55.123Z] 📩 DM enviada para dan05069 (1362183649864450088) - Resultado: perdeu
[2026-02-15T17:34:56.132Z] ✅ Watcher: 2 jogadores processados.
[2026-02-15T17:35:00.657Z] ✅ Watcher: 0 jogadores processados.
[2026-02-15T17:53:48.537Z] 👁️ Watcher de pontos iniciado.
[2026-02-15T17:53:12.645Z] 👁️ Watcher de pontos iniciado.
[2026-02-15T17:56:38.310Z] 👁️ Watcher de pontos iniciado.
[2026-02-15T17:57:08.509Z] 👁️ Watcher de pontos iniciado.
[2026-02-15T17:57:50.430Z] 👁️ Watcher de pontos iniciado.
[2026-02-15T19:17:00.324Z] 📩 DM enviada para br0ok_03 (703764974706753657) - Resultado: perdeu
[2026-02-15T19:17:02.065Z] 📩 DM enviada para rafamixer (700153992382119946) - Resultado: ganhou
[2026-02-15T19:17:03.099Z] ✅ Watcher: 2 jogadores processados.
[2026-02-15T19:17:07.489Z] ✅ Watcher: 0 jogadores processados.
[2026-02-16T09:55:41.563Z] 📩 DM enviada para whitedomuquifo (590994963777454091) - Resultado: perdeu
[2026-02-16T09:55:43.089Z] 📩 DM enviada para rafamixer (700153992382119946) - Resultado: ganhou
[2026-02-16T09:55:44.109Z] ✅ Watcher: 2 jogadores processados.
[2026-02-16T09:55:48.809Z] ✅ Watcher: 0 jogadores processados.
[2026-02-16T15:45:46.324Z] ✅ Watcher: 0 jogadores processados.
[2026-02-16T18:00:53.057Z] 📩 DM enviada para jnli. (1165090155946848356) - Resultado: perdeu
[2026-02-16T18:00:54.612Z] 📩 DM enviada para rafamixer (700153992382119946) - Resultado: ganhou
[2026-02-16T18:00:55.629Z] ✅ Watcher: 2 jogadores processados.
[2026-02-16T18:00:56.224Z] ✅ Watcher: 0 jogadores processados.
[2026-02-18T14:19:38.116Z] 📩 DM enviada para jnli. (1165090155946848356) - Resultado: perdeu
[2026-02-18T14:19:39.747Z] 📩 DM enviada para joao_gabri3l (408333379583475714) - Resultado: ganhou
[2026-02-18T14:19:40.766Z] ✅ Watcher: 2 jogadores processados.
[2026-02-18T14:19:45.516Z] ✅ Watcher: 0 jogadores processados.
[2026-02-18T17:54:01.166Z] ✅ Watcher: 0 jogadores processados.
[2026-02-18T18:06:35.782Z] 📩 DM enviada para whitedomuquifo (590994963777454091) - Resultado: perdeu
[2026-02-18T18:06:36.800Z] ✅ Watcher: 1 jogadores processados.
[2026-02-18T18:06:39.308Z] ✅ Watcher: 0 jogadores processados.
[2026-02-18T18:08:48.247Z] 📩 DM enviada para whitedomuquifo (590994963777454091) - Resultado: ganhou
[2026-02-18T18:08:49.249Z] ✅ Watcher: 1 jogadores processados.
[2026-02-18T18:08:51.670Z] ✅ Watcher: 0 jogadores processados.
[2026-02-18T18:23:45.635Z] 👁️ Watcher de pontos iniciado.
[2026-02-22T11:42:22.501Z] 👁️ Watcher de pontos iniciado.
[2026-02-22T12:39:58.642Z] 👁️ Watcher de pontos iniciado.
[2026-02-22T17:30:12.526Z] 👁️ Watcher de pontos iniciado.
[2026-02-22T17:53:38.196Z] 👁️ Watcher de pontos iniciado.
[2026-02-22T17:54:03.657Z] 📩 DM enviada para satochi01 (1101571172681920554) - Resultado: ganhou
[2026-02-22T17:54:04.669Z] ✅ Watcher: 3 jogadores processados.
[2026-02-22T17:54:06.261Z] ✅ Watcher: 2 jogadores processados.
[2026-02-22T17:55:03.113Z] 📩 DM enviada para whitedomuquifo (590994963777454091) - Resultado: ganhou
[2026-02-22T17:55:04.122Z] ✅ Watcher: 4 jogadores processados.
[2026-02-22T17:55:10.380Z] ✅ Watcher: 2 jogadores processados.
[2026-02-22T17:55:26.996Z] 📩 DM enviada para whitedomuquifo (590994963777454091) - Resultado: perdeu
[2026-02-22T17:55:28.011Z] ✅ Watcher: 3 jogadores processados.
[2026-02-22T17:55:30.435Z] ✅ Watcher: 2 jogadores processados.
[2026-02-22T18:09:47.745Z] 👁️ Watcher de pontos iniciado.
[2026-02-22T18:45:58.505Z] 👁️ Watcher de pontos iniciado.
[2026-02-22T19:16:40.176Z] 👁️ Watcher de pontos iniciado.
[2026-02-22T19:19:40.549Z] ✅ Watcher: 1 jogadores processados.
[2026-02-22T19:21:29.458Z] 📩 DM enviada para kaisersaturn (814944607150407700) - Resultado: perdeu
[2026-02-22T19:21:30.468Z] ✅ Watcher: 2 jogadores processados.
[2026-02-22T19:21:36.773Z] ✅ Watcher: 1 jogadores processados.
[2026-02-22T19:21:41.171Z] 📩 DM enviada para joao_gabri3l (408333379583475714) - Resultado: perdeu
[2026-02-22T19:21:42.175Z] ✅ Watcher: 2 jogadores processados.
[2026-02-22T19:21:44.780Z] ✅ Watcher: 1 jogadores processados.
[2026-02-22T19:21:53.323Z] 📩 DM enviada para whitedomuquifo (590994963777454091) - Resultado: perdeu
[2026-02-22T19:21:54.329Z] ✅ Watcher: 2 jogadores processados.
[2026-02-22T19:21:56.792Z] ✅ Watcher: 1 jogadores processados.
[2026-02-22T19:22:05.423Z] 📩 DM enviada para satochi01 (1101571172681920554) - Resultado: perdeu
[2026-02-22T19:22:06.438Z] ✅ Watcher: 2 jogadores processados.
[2026-02-22T19:22:08.820Z] ✅ Watcher: 1 jogadores processados.
[2026-02-22T20:00:01.611Z] 👁️ Watcher de pontos iniciado.
[2026-02-22T20:00:16.648Z] ✅ Watcher: 2 jogadores processados.
[2026-02-22T20:00:22.667Z] ✅ Watcher: 1 jogadores processados.
[2026-02-22T20:05:47.592Z] ✅ Watcher: 2 jogadores processados.
[2026-02-22T20:05:53.612Z] ✅ Watcher: 1 jogadores processados.
[2026-02-22T20:09:07.035Z] 👁️ Watcher de pontos iniciado.
[2026-02-22T20:10:45.961Z] 👁️ Watcher de pontos iniciado.
[2026-02-22T20:11:01.020Z] ✅ Watcher: 2 jogadores processados.
[2026-02-22T20:11:07.032Z] ✅ Watcher: 1 jogadores processados.
[2026-02-22T20:31:39.971Z] 👁️ Watcher de pontos iniciado.
[2026-02-22T20:35:37.655Z] ✅ Watcher: 2 jogadores processados.
[2026-02-22T20:35:43.672Z] ✅ Watcher: 1 jogadores processados.
[2026-02-22T20:36:43.847Z] ✅ Watcher: 2 jogadores processados.
[2026-02-22T20:36:49.869Z] ✅ Watcher: 1 jogadores processados.
[2026-02-22T20:37:16.922Z] ✅ Watcher: 2 jogadores processados.
[2026-02-22T20:37:22.939Z] ✅ Watcher: 1 jogadores processados.
[2026-02-22T20:44:33.220Z] 👁️ Watcher de pontos iniciado.
[2026-02-22T20:44:51.394Z] ✅ Watcher: 2 jogadores processados.
[2026-02-22T20:44:57.455Z] ✅ Watcher: 1 jogadores processados.
[2026-02-22T20:45:30.578Z] 📩 DM enviada para whitedomuquifo (590994963777454091) - Resultado: perdeu
[2026-02-22T20:45:31.594Z] ✅ Watcher: 2 jogadores processados.
[2026-02-22T20:45:35.818Z] ✅ Watcher: 1 jogadores processados.
[2026-02-22T20:53:20.316Z] 👁️ Watcher de pontos iniciado.
[2026-02-22T20:57:45.728Z] 📩 DM enviada para whitedomuquifo (590994963777454091) - Resultado: ganhou
[2026-02-22T20:57:46.746Z] ✅ Watcher: 2 jogadores processados.
[2026-02-22T20:57:51.099Z] ✅ Watcher: 1 jogadores processados.
[2026-02-22T20:58:08.240Z] ✅ Watcher: 2 jogadores processados.
[2026-02-22T20:58:14.306Z] ✅ Watcher: 1 jogadores processados.
[2026-02-23T13:10:06.506Z] 📩 DM enviada para jnli. (1165090155946848356) - Resultado: perdeu
[2026-02-23T13:10:08.212Z] 📩 DM enviada para joao_gabri3l (408333379583475714) - Resultado: ganhou
[2026-02-23T13:10:09.231Z] ✅ Watcher: 3 jogadores processados.
[2026-02-23T13:10:11.607Z] ✅ Watcher: 1 jogadores processados.
[2026-02-23T16:39:19.356Z] 👁️ Watcher de pontos iniciado.
[2026-02-25T17:10:00.057Z] 👁️ Watcher de pontos iniciado.
[2026-02-26T22:57:30.687Z] 👁️ Watcher de pontos iniciado.
[2026-02-26T23:07:12.682Z] 👁️ Watcher de pontos iniciado.
[2026-02-26T23:12:38.446Z] 📩 DM enviada para whitedomuquifo (590994963777454091) - Resultado: ganhou
[2026-02-26T23:12:40.221Z] 📩 DM enviada para joao_gabri3l (408333379583475714) - Resultado: perdeu
[2026-02-26T23:12:41.225Z] ✅ Watcher: 3 jogadores processados.
[2026-02-26T23:12:43.861Z] ✅ Watcher: 1 jogadores processados.
[2026-02-27T18:14:21.949Z] ✅ Watcher: 2 jogadores processados.
[2026-02-27T18:14:27.977Z] ✅ Watcher: 1 jogadores processados.
[2026-02-27T18:48:52.692Z] 👁️ Watcher de pontos iniciado.
[2026-02-27T18:50:49.911Z] ✅ Watcher: 2 jogadores processados.
[2026-02-27T18:50:55.953Z] ✅ Watcher: 1 jogadores processados.
[2026-02-27T19:01:49.051Z] ✅ Watcher: 2 jogadores processados.
[2026-02-27T19:01:55.118Z] ✅ Watcher: 1 jogadores processados.
[2026-02-27T19:04:32.636Z] ✅ Watcher: 2 jogadores processados.
[2026-02-27T19:04:38.679Z] ✅ Watcher: 1 jogadores processados.
[2026-02-27T20:14:39.577Z] 📩 DM enviada para kaisersaturn (814944607150407700) - Resultado: perdeu
[2026-02-27T20:14:41.277Z] 📩 DM enviada para dan05069 (1362183649864450088) - Resultado: ganhou
[2026-02-27T20:14:42.292Z] ✅ Watcher: 3 jogadores processados.
[2026-02-27T20:14:44.820Z] ✅ Watcher: 1 jogadores processados.
[2026-02-27T21:25:38.670Z] 👁️ Watcher de pontos iniciado.
[2026-02-27T21:26:14.122Z] ✅ Watcher: 2 jogadores processados.
